<?xml version="1.0" encoding="UTF-8"?>
<!-- Generated by org.testng.reporters.JUnitReportReporter -->
<testsuite hostname="DESKTOP-NQRVBRR" failures="0" tests="2" name="testClass" time="0.023" errors="0" timestamp="2022-09-15T15:22:17 IST" skipped="0">
  <testcase classname="testClass" name="testCase1" time="0.021"/>
  <system-out/>
  <testcase classname="testClass" name="testCase2" time="0.002"/>
  <system-out/>
</testsuite> <!-- testClass -->
