<?xml version="1.0" encoding="UTF-8"?>
<!-- Generated by org.testng.reporters.JUnitReportReporter -->
<testsuite hostname="DESKTOP-NQRVBRR" failures="0" tests="2" name="testClass" time="0.019" errors="0" timestamp="2022-09-28T12:47:03 IST" skipped="0">
  <testcase classname="testClass" name="testCase2" time="0.003"/>
  <system-out/>
  <testcase classname="testClass" name="testCase1" time="0.016"/>
  <system-out/>
</testsuite> <!-- testClass -->
